*** UNIX Permission Check ***

Created by Jorel Paddick

[INFO] Mode for /etc/passwd: 0644
[INFO]     ^[0o100644]
[OK] Permissions for /etc/passwd are good
[ERROR] [Errno 13] Permission denied: '/usr/sbin/weakpass_edit'
[ERROR] [Errno 2] No such file or directory: '/usr/local/bin/md2pdf'
[ERROR] [Errno 2] No such file or directory: '/usr/lib/libgutenprint.2.dylib'
[INFO] /etc/syslog.conf~previous is global writable [7]
[ERROR] [Errno 13] Permission denied: '/etc/cups/certs/'
[ERROR] [Errno 13] Permission denied: '/System/Library/Caches/com.apple.coresymbolicationd/'
[ERROR] [Errno 13] Permission denied: '/System/Library/DirectoryServices/DefaultLocalDB/Default/'
[ERROR] [Errno 2] No such file or directory: '/System/Library/CoreServices/Photo Library Migration Utility.app/Contents/Frameworks/iLifePageLayout.framework/Frameworks'
[ERROR] [Errno 13] Permission denied: '/System/Library/User Template/'
[ERROR] [Errno 13] Permission denied: '/var/networkd/Library/'
[ERROR] [Errno 13] Permission denied: '/var/install/'
[INFO] /Library/Caches is global writable [7]
[ERROR] [Errno 13] Permission denied: '/Library/Caches/com.apple.iconservices.store/'
[ERROR] [Errno 2] No such file or directory: '/Library/SystemMigration/History/Migration-6FA9A73F-249E-4DB8-BCD1-7B0A8516EE6B/QuarantineRoot/private/var/db/timezone/tz_latest'
[ERROR] [Errno 13] Permission denied: '/Library/SystemMigration/History/Migration-6FA9A73F-249E-4DB8-BCD1-7B0A8516EE6B/QuarantineRoot/private/var/db/datadetectors/'
[ERROR] [Errno 2] No such file or directory: '/Library/Frameworks/AudioMixEngine.framework'
[INFO] /Library/Audio/Apple Loops Index/Search Index 51DAD37F-B508-467D-BACD-D59C8D1CDABB.txt is global writable [6]
[INFO] /Library/Audio/Apple Loops Index/Search Index BE3FC5C9-B9CA-4B6B-9ED6-68654F59D0B2.txt is global writable [6]
[ERROR] [Errno 62] Too many levels of symbolic links: '/Library/Developer/CommandLineTools/SDKs/MacOSX.sdk/System/Library/Frameworks/Ruby.framework/Versions/Current/Headers/ruby/ruby/ruby/ruby/ruby/ruby/ruby/ruby/ruby/ruby/ruby/ruby/ruby/ruby/ruby/ruby/ruby/ruby/ruby/ruby/ruby/ruby/ruby/ruby/ruby/ruby/ruby/ruby/ruby/ruby/ruby/ruby/ruby'
[ERROR] [Errno 62] Too many levels of symbolic links: '/Library/Developer/CommandLineTools/SDKs/MacOSX.sdk/System/Library/Frameworks/Ruby.framework/Versions/2.3/Headers/ruby/ruby/ruby/ruby/ruby/ruby/ruby/ruby/ruby/ruby/ruby/ruby/ruby/ruby/ruby/ruby/ruby/ruby/ruby/ruby/ruby/ruby/ruby/ruby/ruby/ruby/ruby/ruby/ruby/ruby/ruby/ruby/ruby/ruby'
[ERROR] [Errno 62] Too many levels of symbolic links: '/Library/Developer/CommandLineTools/SDKs/MacOSX.sdk/System/Library/Frameworks/Ruby.framework/Headers/ruby/ruby/ruby/ruby/ruby/ruby/ruby/ruby/ruby/ruby/ruby/ruby/ruby/ruby/ruby/ruby/ruby/ruby/ruby/ruby/ruby/ruby/ruby/ruby/ruby/ruby/ruby/ruby/ruby/ruby/ruby/ruby'
[ERROR] [Errno 62] Too many levels of symbolic links: '/Library/Developer/CommandLineTools/SDKs/MacOSX10.14.sdk/System/Library/Frameworks/Ruby.framework/Versions/Current/Headers/ruby/ruby/ruby/ruby/ruby/ruby/ruby/ruby/ruby/ruby/ruby/ruby/ruby/ruby/ruby/ruby/ruby/ruby/ruby/ruby/ruby/ruby/ruby/ruby/ruby/ruby/ruby/ruby/ruby/ruby/ruby/ruby'
[ERROR] [Errno 62] Too many levels of symbolic links: '/Library/Developer/CommandLineTools/SDKs/MacOSX10.14.sdk/System/Library/Frameworks/Ruby.framework/Versions/2.3/Headers/ruby/ruby/ruby/ruby/ruby/ruby/ruby/ruby/ruby/ruby/ruby/ruby/ruby/ruby/ruby/ruby/ruby/ruby/ruby/ruby/ruby/ruby/ruby/ruby/ruby/ruby/ruby/ruby/ruby/ruby/ruby/ruby/ruby'
[ERROR] [Errno 62] Too many levels of symbolic links: '/Library/Developer/CommandLineTools/SDKs/MacOSX10.14.sdk/System/Library/Frameworks/Ruby.framework/Headers/ruby/ruby/ruby/ruby/ruby/ruby/ruby/ruby/ruby/ruby/ruby/ruby/ruby/ruby/ruby/ruby/ruby/ruby/ruby/ruby/ruby/ruby/ruby/ruby/ruby/ruby/ruby/ruby/ruby/ruby/ruby'
[ERROR] [Errno 13] Permission denied: '/Library/Application Support/Wireshark/'
[ERROR] [Errno 13] Permission denied: '/.fseventsd/'
